2025-08-25 11:42:16 INFO  TC06_AlertsPageVerification:19 - Started Execution for TC06...
2025-08-25 11:42:16 INFO  TC06_AlertsPageVerification:30 - Completed Execution for TC06...
2025-08-25 11:42:48 INFO  TC01_ProductsPageVerification:20 - Started Execution for TC01....
2025-08-25 11:42:48 INFO  TC01_ProductsPageVerification:29 - Completed Execution for TC01...
2025-08-25 11:42:51 INFO  TC03_ButtonPageVerification:18 - Started Execution for TC03...
2025-08-25 11:42:51 INFO  TC03_ButtonPageVerification:26 - Completed Execution for TC03...
2025-08-25 11:42:55 INFO  TC04_SelectPageVerification:18 - Started Execution for TC04....
2025-08-25 11:42:55 INFO  TC04_SelectPageVerification:32 - Completed execution for TC04...
2025-08-25 11:43:04 INFO  TC06_AlertsPageVerification:19 - Started Execution for TC06...
2025-08-25 11:43:05 INFO  TC06_AlertsPageVerification:30 - Completed Execution for TC06...
2025-08-25 11:44:04 INFO  TC01_ProductsPageVerification:20 - Started Execution for TC01....
2025-08-25 11:44:04 INFO  TC01_ProductsPageVerification:29 - Completed Execution for TC01...
2025-08-25 11:44:07 INFO  TC03_ButtonPageVerification:18 - Started Execution for TC03...
2025-08-25 11:44:08 INFO  TC03_ButtonPageVerification:26 - Completed Execution for TC03...
2025-08-25 11:44:11 INFO  TC04_SelectPageVerification:18 - Started Execution for TC04....
2025-08-25 11:44:12 INFO  TC04_SelectPageVerification:32 - Completed execution for TC04...
2025-08-25 11:44:19 INFO  TC06_AlertsPageVerification:19 - Started Execution for TC06...
2025-08-25 11:44:19 INFO  TC06_AlertsPageVerification:30 - Completed Execution for TC06...
2025-08-25 11:46:45 INFO  TC01_ProductsPageVerification:20 - Started Execution for TC01....
2025-08-25 11:46:46 INFO  TC01_ProductsPageVerification:29 - Completed Execution for TC01...
2025-08-25 11:46:49 INFO  TC03_ButtonPageVerification:18 - Started Execution for TC03...
2025-08-25 11:46:49 INFO  TC03_ButtonPageVerification:26 - Completed Execution for TC03...
2025-08-25 11:46:52 INFO  TC04_SelectPageVerification:18 - Started Execution for TC04....
2025-08-25 11:46:53 INFO  TC04_SelectPageVerification:32 - Completed execution for TC04...
2025-08-25 11:47:00 INFO  TC06_AlertsPageVerification:19 - Started Execution for TC06...
2025-08-25 11:47:01 INFO  TC06_AlertsPageVerification:30 - Completed Execution for TC06...
